This is pdfTeX, Version 3.1415926-2.5-1.40.14 (TeX Live 2013) (format=pdflatex 2014.5.8)  27 FEB 2015 18:12
entering extended mode
 restricted \write18 enabled.
 %&-line parsing enabled.
**ecoli.tex
(./ecoli.tex
LaTeX2e <2011/06/27>
Babel <3.9f> and hyphenation patterns for 78 languages loaded.
(./IEEEtran.cls
Document Class: IEEEtran 2014/09/17 V1.8a by Michael Shell
-- See the "IEEEtran_HOWTO" manual for usage information.
-- http://www.michaelshell.org/tex/ieeetran/
\@IEEEtrantmpdimenA=\dimen102
\@IEEEtrantmpdimenB=\dimen103
\@IEEEtrantmpdimenC=\dimen104
\@IEEEtrantmpcountA=\count79
\@IEEEtrantmpcountB=\count80
\@IEEEtrantmpcountC=\count81
\@IEEEtrantmptoksA=\toks14
LaTeX Font Info:    Try loading font information for OT1+ptm on input line 458.

(/usr/local/texlive/2013/texmf-dist/tex/latex/psnfss/ot1ptm.fd
File: ot1ptm.fd 2001/06/04 font definitions for OT1/ptm.
)
-- Using 8.5in x 11in (letter) paper.
-- Using PDF output.
\@IEEEnormalsizeunitybaselineskip=\dimen105
-- This is a 10 point document.
\CLASSINFOnormalsizebaselineskip=\dimen106
\CLASSINFOnormalsizeunitybaselineskip=\dimen107
\IEEEnormaljot=\dimen108
LaTeX Font Info:    Font shape `OT1/ptm/bx/n' in size <5> not available
(Font)              Font shape `OT1/ptm/b/n' tried instead on input line 1039.
LaTeX Font Info:    Font shape `OT1/ptm/bx/it' in size <5> not available
(Font)              Font shape `OT1/ptm/b/it' tried instead on input line 1039.

LaTeX Font Info:    Font shape `OT1/ptm/bx/n' in size <7> not available
(Font)              Font shape `OT1/ptm/b/n' tried instead on input line 1039.
LaTeX Font Info:    Font shape `OT1/ptm/bx/it' in size <7> not available
(Font)              Font shape `OT1/ptm/b/it' tried instead on input line 1039.

LaTeX Font Info:    Font shape `OT1/ptm/bx/n' in size <8> not available
(Font)              Font shape `OT1/ptm/b/n' tried instead on input line 1039.
LaTeX Font Info:    Font shape `OT1/ptm/bx/it' in size <8> not available
(Font)              Font shape `OT1/ptm/b/it' tried instead on input line 1039.

LaTeX Font Info:    Font shape `OT1/ptm/bx/n' in size <9> not available
(Font)              Font shape `OT1/ptm/b/n' tried instead on input line 1039.
LaTeX Font Info:    Font shape `OT1/ptm/bx/it' in size <9> not available
(Font)              Font shape `OT1/ptm/b/it' tried instead on input line 1039.

LaTeX Font Info:    Font shape `OT1/ptm/bx/n' in size <10> not available
(Font)              Font shape `OT1/ptm/b/n' tried instead on input line 1039.
LaTeX Font Info:    Font shape `OT1/ptm/bx/it' in size <10> not available
(Font)              Font shape `OT1/ptm/b/it' tried instead on input line 1039.

LaTeX Font Info:    Font shape `OT1/ptm/bx/n' in size <11> not available
(Font)              Font shape `OT1/ptm/b/n' tried instead on input line 1039.
LaTeX Font Info:    Font shape `OT1/ptm/bx/it' in size <11> not available
(Font)              Font shape `OT1/ptm/b/it' tried instead on input line 1039.

LaTeX Font Info:    Font shape `OT1/ptm/bx/n' in size <12> not available
(Font)              Font shape `OT1/ptm/b/n' tried instead on input line 1039.
LaTeX Font Info:    Font shape `OT1/ptm/bx/it' in size <12> not available
(Font)              Font shape `OT1/ptm/b/it' tried instead on input line 1039.

LaTeX Font Info:    Font shape `OT1/ptm/bx/n' in size <17> not available
(Font)              Font shape `OT1/ptm/b/n' tried instead on input line 1039.
LaTeX Font Info:    Font shape `OT1/ptm/bx/it' in size <17> not available
(Font)              Font shape `OT1/ptm/b/it' tried instead on input line 1039.

LaTeX Font Info:    Font shape `OT1/ptm/bx/n' in size <20> not available
(Font)              Font shape `OT1/ptm/b/n' tried instead on input line 1039.
LaTeX Font Info:    Font shape `OT1/ptm/bx/it' in size <20> not available
(Font)              Font shape `OT1/ptm/b/it' tried instead on input line 1039.

LaTeX Font Info:    Font shape `OT1/ptm/bx/n' in size <24> not available
(Font)              Font shape `OT1/ptm/b/n' tried instead on input line 1039.
LaTeX Font Info:    Font shape `OT1/ptm/bx/it' in size <24> not available
(Font)              Font shape `OT1/ptm/b/it' tried instead on input line 1039.

\IEEEquantizedlength=\dimen109
\IEEEquantizedlengthdiff=\dimen110
\IEEEquantizedtextheightdiff=\dimen111
\IEEEilabelindentA=\dimen112
\IEEEilabelindentB=\dimen113
\IEEEilabelindent=\dimen114
\IEEEelabelindent=\dimen115
\IEEEdlabelindent=\dimen116
\IEEElabelindent=\dimen117
\IEEEiednormlabelsep=\dimen118
\IEEEiedmathlabelsep=\dimen119
\IEEEiedtopsep=\skip41
\c@section=\count82
\c@subsection=\count83
\c@subsubsection=\count84
\c@paragraph=\count85
\c@IEEEsubequation=\count86
\abovecaptionskip=\skip42
\belowcaptionskip=\skip43
\c@figure=\count87
\c@table=\count88
\@IEEEeqnnumcols=\count89
\@IEEEeqncolcnt=\count90
\@IEEEsubeqnnumrollback=\count91
\@IEEEquantizeheightA=\dimen120
\@IEEEquantizeheightB=\dimen121
\@IEEEquantizeheightC=\dimen122
\@IEEEquantizeprevdepth=\dimen123
\@IEEEquantizemultiple=\count92
\@IEEEquantizeboxA=\box26
\@IEEEtmpitemindent=\dimen124
\c@IEEEbiography=\count93
\@IEEEtranrubishbin=\box27
) (/usr/local/texlive/2013/texmf-dist/tex/latex/graphics/graphicx.sty
Package: graphicx 1999/02/16 v1.0f Enhanced LaTeX Graphics (DPC,SPQR)

(/usr/local/texlive/2013/texmf-dist/tex/latex/graphics/keyval.sty
Package: keyval 1999/03/16 v1.13 key=value parser (DPC)
\KV@toks@=\toks15
)
(/usr/local/texlive/2013/texmf-dist/tex/latex/graphics/graphics.sty
Package: graphics 2009/02/05 v1.0o Standard LaTeX Graphics (DPC,SPQR)

(/usr/local/texlive/2013/texmf-dist/tex/latex/graphics/trig.sty
Package: trig 1999/03/16 v1.09 sin cos tan (DPC)
)
(/usr/local/texlive/2013/texmf-dist/tex/latex/latexconfig/graphics.cfg
File: graphics.cfg 2010/04/23 v1.9 graphics configuration of TeX Live
)
Package graphics Info: Driver file: pdftex.def on input line 91.

(/usr/local/texlive/2013/texmf-dist/tex/latex/pdftex-def/pdftex.def
File: pdftex.def 2011/05/27 v0.06d Graphics/color for pdfTeX

(/usr/local/texlive/2013/texmf-dist/tex/generic/oberdiek/infwarerr.sty
Package: infwarerr 2010/04/08 v1.3 Providing info/warning/error messages (HO)
)
(/usr/local/texlive/2013/texmf-dist/tex/generic/oberdiek/ltxcmds.sty
Package: ltxcmds 2011/11/09 v1.22 LaTeX kernel commands for general use (HO)
)
\Gread@gobject=\count94
))
\Gin@req@height=\dimen125
\Gin@req@width=\dimen126
)
(/usr/local/texlive/2013/texmf-dist/tex/latex/amsmath/amsmath.sty
Package: amsmath 2013/01/14 v2.14 AMS math features
\@mathmargin=\skip44

For additional information on amsmath, use the `?' option.
(/usr/local/texlive/2013/texmf-dist/tex/latex/amsmath/amstext.sty
Package: amstext 2000/06/29 v2.01

(/usr/local/texlive/2013/texmf-dist/tex/latex/amsmath/amsgen.sty
File: amsgen.sty 1999/11/30 v2.0
\@emptytoks=\toks16
\ex@=\dimen127
))
(/usr/local/texlive/2013/texmf-dist/tex/latex/amsmath/amsbsy.sty
Package: amsbsy 1999/11/29 v1.2d
\pmbraise@=\dimen128
)
(/usr/local/texlive/2013/texmf-dist/tex/latex/amsmath/amsopn.sty
Package: amsopn 1999/12/14 v2.01 operator names
)
\inf@bad=\count95
LaTeX Info: Redefining \frac on input line 210.
\uproot@=\count96
\leftroot@=\count97
LaTeX Info: Redefining \overline on input line 306.
\classnum@=\count98
\DOTSCASE@=\count99
LaTeX Info: Redefining \ldots on input line 378.
LaTeX Info: Redefining \dots on input line 381.
LaTeX Info: Redefining \cdots on input line 466.
\Mathstrutbox@=\box28
\strutbox@=\box29
\big@size=\dimen129
LaTeX Font Info:    Redeclaring font encoding OML on input line 566.
LaTeX Font Info:    Redeclaring font encoding OMS on input line 567.
\macc@depth=\count100
\c@MaxMatrixCols=\count101
\dotsspace@=\muskip10
\c@parentequation=\count102
\dspbrk@lvl=\count103
\tag@help=\toks17
\row@=\count104
\column@=\count105
\maxfields@=\count106
\andhelp@=\toks18
\eqnshift@=\dimen130
\alignsep@=\dimen131
\tagshift@=\dimen132
\tagwidth@=\dimen133
\totwidth@=\dimen134
\lineht@=\dimen135
\@envbody=\toks19
\multlinegap=\skip45
\multlinetaggap=\skip46
\mathdisplay@stack=\toks20
LaTeX Info: Redefining \[ on input line 2665.
LaTeX Info: Redefining \] on input line 2666.
)
(/usr/local/texlive/2013/texmf-dist/tex/latex/subfig/subfig.sty
Package: subfig 2005/06/28 ver: 1.3 subfig package

(/usr/local/texlive/2013/texmf-dist/tex/latex/caption/caption3.sty
Package: caption3 2013/05/02 v1.6-88 caption3 kernel (AR)
Package caption3 Info: TeX engine: e-TeX on input line 57.
\captionmargin=\dimen136
\captionmargin@=\dimen137
\captionwidth=\dimen138
\caption@tempdima=\dimen139
\caption@indent=\dimen140
\caption@parindent=\dimen141
\caption@hangindent=\dimen142
Package caption Info: Unknown document class (or package),
(caption)             standard defaults will be used.
)
\c@KVtest=\count107
\sf@farskip=\skip47
\sf@captopadj=\dimen143
\sf@capskip=\skip48
\sf@nearskip=\skip49
\c@subfigure=\count108
\c@subfigure@save=\count109
\c@lofdepth=\count110
\c@subtable=\count111
\c@subtable@save=\count112
\c@lotdepth=\count113
\sf@top=\skip50
\sf@bottom=\skip51
)
(./ecoli.aux)
\openout1 = `ecoli.aux'.

LaTeX Font Info:    Checking defaults for OML/cmm/m/it on input line 359.
LaTeX Font Info:    ... okay on input line 359.
LaTeX Font Info:    Checking defaults for T1/cmr/m/n on input line 359.
LaTeX Font Info:    ... okay on input line 359.
LaTeX Font Info:    Checking defaults for OT1/cmr/m/n on input line 359.
LaTeX Font Info:    ... okay on input line 359.
LaTeX Font Info:    Checking defaults for OMS/cmsy/m/n on input line 359.
LaTeX Font Info:    ... okay on input line 359.
LaTeX Font Info:    Checking defaults for OMX/cmex/m/n on input line 359.
LaTeX Font Info:    ... okay on input line 359.
LaTeX Font Info:    Checking defaults for U/cmr/m/n on input line 359.
LaTeX Font Info:    ... okay on input line 359.

-- Lines per column: 58 (exact).
(/usr/local/texlive/2013/texmf-dist/tex/context/base/supp-pdf.mkii
[Loading MPS to PDF converter (version 2006.09.02).]
\scratchcounter=\count114
\scratchdimen=\dimen144
\scratchbox=\box30
\nofMPsegments=\count115
\nofMParguments=\count116
\everyMPshowfont=\toks21
\MPscratchCnt=\count117
\MPscratchDim=\dimen145
\MPnumerator=\count118
\makeMPintoPDFobject=\count119
\everyMPtoPDFconversion=\toks22
) (/usr/local/texlive/2013/texmf-dist/tex/generic/oberdiek/pdftexcmds.sty
Package: pdftexcmds 2011/11/29 v0.20 Utility functions of pdfTeX for LuaTeX (HO
)

(/usr/local/texlive/2013/texmf-dist/tex/generic/oberdiek/ifluatex.sty
Package: ifluatex 2010/03/01 v1.3 Provides the ifluatex switch (HO)
Package ifluatex Info: LuaTeX not detected.
)
(/usr/local/texlive/2013/texmf-dist/tex/generic/oberdiek/ifpdf.sty
Package: ifpdf 2011/01/30 v2.3 Provides the ifpdf switch (HO)
Package ifpdf Info: pdfTeX in PDF mode is detected.
)
Package pdftexcmds Info: LuaTeX not detected.
Package pdftexcmds Info: \pdf@primitive is available.
Package pdftexcmds Info: \pdf@ifprimitive is available.
Package pdftexcmds Info: \pdfdraftmode found.
)
(/usr/local/texlive/2013/texmf-dist/tex/latex/oberdiek/epstopdf-base.sty
Package: epstopdf-base 2010/02/09 v2.5 Base part for package epstopdf

(/usr/local/texlive/2013/texmf-dist/tex/latex/oberdiek/grfext.sty
Package: grfext 2010/08/19 v1.1 Manage graphics extensions (HO)

(/usr/local/texlive/2013/texmf-dist/tex/generic/oberdiek/kvdefinekeys.sty
Package: kvdefinekeys 2011/04/07 v1.3 Define keys (HO)
))
(/usr/local/texlive/2013/texmf-dist/tex/latex/oberdiek/kvoptions.sty
Package: kvoptions 2011/06/30 v3.11 Key value format for package options (HO)

(/usr/local/texlive/2013/texmf-dist/tex/generic/oberdiek/kvsetkeys.sty
Package: kvsetkeys 2012/04/25 v1.16 Key value parser (HO)

(/usr/local/texlive/2013/texmf-dist/tex/generic/oberdiek/etexcmds.sty
Package: etexcmds 2011/02/16 v1.5 Avoid name clashes with e-TeX commands (HO)
Package etexcmds Info: Could not find \expanded.
(etexcmds)             That can mean that you are not using pdfTeX 1.50 or
(etexcmds)             that some package has redefined \expanded.
(etexcmds)             In the latter case, load this package earlier.
)))
Package grfext Info: Graphics extension search list:
(grfext)             [.png,.pdf,.jpg,.mps,.jpeg,.jbig2,.jb2,.PNG,.PDF,.JPG,.JPE
G,.JBIG2,.JB2,.eps]
(grfext)             \AppendGraphicsExtensions on input line 452.

(/usr/local/texlive/2013/texmf-dist/tex/latex/latexconfig/epstopdf-sys.cfg
File: epstopdf-sys.cfg 2010/07/13 v1.3 Configuration of (r)epstopdf for TeX Liv
e
))
Package caption Info: Begin \AtBeginDocument code.
Package caption Info: subfig package v1.3 is loaded.
Package caption Info: End \AtBeginDocument code.
LaTeX Font Info:    External font `cmex10' loaded for size
(Font)              <7> on input line 496.
LaTeX Font Info:    External font `cmex10' loaded for size
(Font)              <5> on input line 496.

[1{/usr/local/texlive/2013/texmf-var/fonts/map/pdftex/updmap/pdftex.map}


]
Missing character: There is no ‚ in font ptmr7t!
Missing character: There is no Ä in font ptmr7t!
Missing character: There is no ú in font ptmr7t!
Missing character: There is no ‚ in font ptmr7t!
Missing character: There is no Ä in font ptmr7t!
Missing character: There is no ù in font ptmr7t!

Underfull \hbox (badness 3078) in paragraph at lines 504--505
[]\OT1/ptm/m/n/10 The bac-te-rial cell colonies in our own ex-per-i-ments
 []

<fig1cuve.png, id=11, 316.5426pt x 174.4116pt>
File: fig1cuve.png Graphic file (type png)
 <use fig1cuve.png>
Package pdftex.def Info: fig1cuve.png used on input line 517.
(pdftex.def)             Requested size: 199.16928pt x 109.7415pt.
LaTeX Font Info:    External font `cmex10' loaded for size
(Font)              <8> on input line 518.
LaTeX Font Info:    External font `cmex10' loaded for size
(Font)              <6> on input line 518.
 [2 <./fig1cuve.png>] <orimgmark.png, id=24, 349.7868pt x 347.8596pt>
File: orimgmark.png Graphic file (type png)
 <use orimgmark.png>
Package pdftex.def Info: orimgmark.png used on input line 548.
(pdftex.def)             Requested size: 85.82927pt x 85.35826pt.

<eigenmark.png, id=25, 346.896pt x 346.896pt>
File: eigenmark.png Graphic file (type png)
 <use eigenmark.png>
Package pdftex.def Info: eigenmark.png used on input line 548.
(pdftex.def)             Requested size: 85.35814pt x 85.35826pt.

<combineplots.png, id=26, 565.1514pt x 382.3083pt>
File: combineplots.png Graphic file (type png)
 <use combineplots.png>
Package pdftex.def Info: combineplots.png used on input line 550.
(pdftex.def)             Requested size: 126.17911pt x 85.35826pt.

[3 <./orimgmark.png> <./eigenmark.png> <./combineplots.png>] [4]
<correcttrack.png, id=37, 286.1892pt x 252.2223pt>
File: correcttrack.png Graphic file (type png)
 <use correcttrack.png>
Package pdftex.def Info: correcttrack.png used on input line 725.
(pdftex.def)             Requested size: 227.62204pt x 200.60428pt.

<singleerrtrack.png, id=38, 271.0125pt x 249.5724pt>
File: singleerrtrack.png Graphic file (type png)
 <use singleerrtrack.png>
Package pdftex.def Info: singleerrtrack.png used on input line 727.
(pdftex.def)             Requested size: 227.62204pt x 209.62033pt.


LaTeX Warning: `h' float specifier changed to `ht'.

[5] <fig3edrgb.png, id=42, 2200.22pt x 3349.51375pt>
File: fig3edrgb.png Graphic file (type png)
 <use fig3edrgb.png>
Package pdftex.def Info: fig3edrgb.png used on input line 744.
(pdftex.def)             Requested size: 213.39566pt x 324.85133pt.

<fig4ed.png, id=43, 3861.42625pt x 3707.8525pt>
File: fig4ed.png Graphic file (type png)
 <use fig4ed.png>
Package pdftex.def Info: fig4ed.png used on input line 754.
(pdftex.def)             Requested size: 213.39566pt x 204.86604pt.


LaTeX Warning: `h' float specifier changed to `ht'.

[6 <./correcttrack.png> <./singleerrtrack.png> <./fig3edrgb.png (PNG copy)>]
<phasdat1areadist.png, id=50, 535.5207pt x 440.1243pt>
File: phasdat1areadist.png Graphic file (type png)

<use phasdat1areadist.png>
Package pdftex.def Info: phasdat1areadist.png used on input line 766.
(pdftex.def)             Requested size: 113.39923pt x 93.19441pt.

<phasdat2areadist.png, id=51, 535.5207pt x 440.1243pt>
File: phasdat2areadist.png Graphic file (type png)

<use phasdat2areadist.png>
Package pdftex.def Info: phasdat2areadist.png used on input line 766.
(pdftex.def)             Requested size: 113.39923pt x 93.19441pt.

<phasdat3areadist.png, id=52, 535.5207pt x 440.1243pt>
File: phasdat3areadist.png Graphic file (type png)

<use phasdat3areadist.png>
Package pdftex.def Info: phasdat3areadist.png used on input line 768.
(pdftex.def)             Requested size: 113.39923pt x 93.19441pt.
 <fluoareadist.png, id=53, 543.4704pt x 440.1243pt>
File: fluoareadist.png Graphic file (type png)

<use fluoareadist.png>
Package pdftex.def Info: fluoareadist.png used on input line 768.
(pdftex.def)             Requested size: 113.39923pt x 91.83112pt.


LaTeX Warning: `!h' float specifier changed to `!ht'.

<phasdat1fscorecumul.png, id=54, 575.2692pt x 445.9059pt>
File: phasdat1fscorecumul.png Graphic file (type png)

<use phasdat1fscorecumul.png>
Package pdftex.def Info: phasdat1fscorecumul.png used on input line 779.
(pdftex.def)             Requested size: 110.11862pt x 85.35826pt.

<phasdat2fscorecumul.png, id=55, 575.2692pt x 445.9059pt>
File: phasdat2fscorecumul.png Graphic file (type png)

<use phasdat2fscorecumul.png>
Package pdftex.def Info: phasdat2fscorecumul.png used on input line 779.
(pdftex.def)             Requested size: 110.11862pt x 85.35826pt.

<phasdat3fscorecumul.png, id=56, 575.2692pt x 445.9059pt>
File: phasdat3fscorecumul.png Graphic file (type png)

<use phasdat3fscorecumul.png>
Package pdftex.def Info: phasdat3fscorecumul.png used on input line 781.
(pdftex.def)             Requested size: 110.11862pt x 85.35826pt.

<fluofscorecumul.png, id=57, 575.2692pt x 445.9059pt>
File: fluofscorecumul.png Graphic file (type png)

<use fluofscorecumul.png>
Package pdftex.def Info: fluofscorecumul.png used on input line 782.
(pdftex.def)             Requested size: 110.11862pt x 85.35826pt.


LaTeX Warning: `!h' float specifier changed to `!ht'.

<timingrgb.png, id=58, 1467.4825pt x 1184.425pt>
File: timingrgb.png Graphic file (type png)
 <use timingrgb.png>
Package pdftex.def Info: timingrgb.png used on input line 800.
(pdftex.def)             Requested size: 213.39566pt x 172.23422pt.


LaTeX Warning: `h' float specifier changed to `ht'.

[7 <./fig4ed.png (PNG copy)> <./phasdat1areadist.png> <./phasdat2areadist.png> 
<./phasdat3areadist.png> <./fluoareadist.png> <./phasdat1fscorecumul.png> <./ph
asdat2fscorecumul.png> <./phasdat3fscorecumul.png> <./fluofscorecumul.png>]
<correcttrack2.png, id=71, 2173.11874pt x 1598.97375pt>
File: correcttrack2.png Graphic file (type png)

<use correcttrack2.png>
Package pdftex.def Info: correcttrack2.png used on input line 811.
(pdftex.def)             Requested size: 213.39566pt x 157.00334pt.
 <growthrateed.png, id=72, 2028.57875pt x 1597.97pt>
File: growthrateed.png Graphic file (type png)

<use growthrateed.png>
Package pdftex.def Info: growthrateed.png used on input line 823.
(pdftex.def)             Requested size: 113.39923pt x 89.31502pt.
 <histoed.png, id=73, 2036.60875pt x 1662.21pt>
File: histoed.png Graphic file (type png)

<use histoed.png>
Package pdftex.def Info: histoed.png used on input line 823.
(pdftex.def)             Requested size: 113.39923pt x 92.55049pt.
 <lineagebothed.png, id=74, 2051.665pt x 1597.97pt>
File: lineagebothed.png Graphic file (type png)

<use lineagebothed.png>
Package pdftex.def Info: lineagebothed.png used on input line 825.
(pdftex.def)             Requested size: 113.39923pt x 88.31532pt.


LaTeX Warning: `!h' float specifier changed to `!ht'.

(./ecoli.bbl [8 <./timingrgb.png (PNG copy)> <./correcttrack2.png (PNG copy)> <
./growthrateed.png (PNG copy)> <./histoed.png (PNG copy)> <./lineagebothed.png 
(PNG copy)>]
Missing character: There is no ‚ in font ptmr7t!
Missing character: There is no Ä in font ptmr7t!
Missing character: There is no ì in font ptmr7t!
Missing character: There is no √ in font ptmr7t!
Missing character: There is no º in font ptmr7t!
) [9

] (./ecoli.aux) ) 
Here is how much of TeX's memory you used:
 3762 strings out of 493315
 60432 string characters out of 6137905
 132860 words of memory out of 5000000
 7160 multiletter control sequences out of 15000+600000
 43156 words of font info for 77 fonts, out of 8000000 for 9000
 960 hyphenation exceptions out of 8191
 38i,11n,38p,2046b,338s stack positions out of 5000i,500n,10000p,200000b,80000s
{/usr/local/texlive/2013/texmf-dist/fonts/enc/dvips/base/8r.en
c}</usr/local/texlive/2013/texmf-dist/fonts/type1/public/amsfonts/cm/cmex10.pfb
></usr/local/texlive/2013/texmf-dist/fonts/type1/public/amsfonts/cm/cmmi10.pfb>
</usr/local/texlive/2013/texmf-dist/fonts/type1/public/amsfonts/cm/cmmi6.pfb></
usr/local/texlive/2013/texmf-dist/fonts/type1/public/amsfonts/cm/cmmi7.pfb></us
r/local/texlive/2013/texmf-dist/fonts/type1/public/amsfonts/cm/cmmi8.pfb></usr/
local/texlive/2013/texmf-dist/fonts/type1/public/amsfonts/cm/cmr10.pfb></usr/lo
cal/texlive/2013/texmf-dist/fonts/type1/public/amsfonts/cm/cmr7.pfb></usr/local
/texlive/2013/texmf-dist/fonts/type1/public/amsfonts/cm/cmr8.pfb></usr/local/te
xlive/2013/texmf-dist/fonts/type1/public/amsfonts/cm/cmsy10.pfb></usr/local/tex
live/2013/texmf-dist/fonts/type1/public/amsfonts/cm/cmsy7.pfb></usr/local/texli
ve/2013/texmf-dist/fonts/type1/urw/times/utmb8a.pfb></usr/local/texlive/2013/te
xmf-dist/fonts/type1/urw/times/utmbi8a.pfb></usr/local/texlive/2013/texmf-dist/
fonts/type1/urw/times/utmr8a.pfb></usr/local/texlive/2013/texmf-dist/fonts/type
1/urw/times/utmri8a.pfb>
Output written on ecoli.pdf (9 pages, 14645882 bytes).
PDF statistics:
 127 PDF objects out of 1000 (max. 8388607)
 66 compressed objects within 1 object stream
 0 named destinations out of 1000 (max. 500000)
 106 words of extra memory for PDF output out of 10000 (max. 10000000)

